<?xml version="1.0" encoding="UTF-8"?>
<testng-results total="1" passed="1" failed="0" skipped="0">
  <reporter-output>
  </reporter-output>
  <suite started-at="2022-11-07T05:27:16Z" name="Default suite" finished-at="2022-11-07T05:27:29Z" duration-ms="13030">
    <groups>
      <group name="cucumber">
        <method signature="AbstractTestNGCucumberTests.runScenario(io.cucumber.testng.PickleWrapper, io.cucumber.testng.FeatureWrapper)[pri:0, instance:runner.test_runner@50de186c]" name="runScenario" class="io.cucumber.testng.AbstractTestNGCucumberTests"/>
      </group> <!-- cucumber -->
    </groups>
    <test started-at="2022-11-07T05:27:16Z" name="Default test" finished-at="2022-11-07T05:27:29Z" duration-ms="13030">
      <class name="runner.test_runner">
        <test-method is-config="true" signature="setUpClass(org.testng.ITestContext)[pri:0, instance:runner.test_runner@50de186c]" started-at="2022-11-07T10:57:16Z" name="setUpClass" finished-at="2022-11-07T10:57:17Z" duration-ms="334" status="PASS">
          <params>
            <param index="0">
              <value>
                <![CDATA[org.testng.TestRunner@51d387d3]]>
              </value>
            </param>
          </params>
          <reporter-output>
          </reporter-output>
        </test-method> <!-- setUpClass -->
        <test-method signature="runScenario(io.cucumber.testng.PickleWrapper, io.cucumber.testng.FeatureWrapper)[pri:0, instance:runner.test_runner@50de186c]" started-at="2022-11-07T10:57:17Z" name="runScenario" description="Runs Cucumber Scenarios" data-provider="scenarios" finished-at="2022-11-07T10:57:29Z" duration-ms="12601" status="PASS">
          <params>
            <param index="0">
              <value>
                <![CDATA["To Test login functionality with invalid data"]]>
              </value>
            </param>
            <param index="1">
              <value>
                <![CDATA["Testing guru99 login"]]>
              </value>
            </param>
          </params>
          <reporter-output>
          </reporter-output>
        </test-method> <!-- runScenario -->
        <test-method is-config="true" signature="tearDownClass()[pri:0, instance:runner.test_runner@50de186c]" started-at="2022-11-07T10:57:29Z" name="tearDownClass" finished-at="2022-11-07T10:57:29Z" duration-ms="48" status="PASS">
          <reporter-output>
          </reporter-output>
        </test-method> <!-- tearDownClass -->
      </class> <!-- runner.test_runner -->
    </test> <!-- Default test -->
  </suite> <!-- Default suite -->
</testng-results>
